<?xml version="1.0" encoding="UTF-8"?>
<!-- Generated by org.testng.reporters.JUnitXMLReporter -->
<testsuite hostname="DESKTOP-TT2GKVP" ignored="0" name="Default test" tests="3" failures="0" timestamp="14 Apr 2019 13:03:34 GMT" time="79.503" errors="0">
  <testcase name="testValidLoginLogout" time="11.454" classname="com.actitime.tests.ValidLoginLogoutTest"/>
  <testcase name="testInvalidLogin" time="16.208" classname="com.actitime.tests.InvalidLoginTest"/>
  <testcase name="testVerifyVersion" time="0.438" classname="com.actitime.tests.VerifyVersionTest"/>
</testsuite> <!-- Default test -->
