<?xml version="1.0" encoding="UTF-8"?>
<!-- Generated by org.testng.reporters.JUnitXMLReporter -->
<testsuite hostname="DESKTOP-TT2GKVP" ignored="0" name="Test" tests="3" failures="0" timestamp="15 Apr 2019 07:15:11 GMT" time="137.666" errors="0">
  <testcase name="testValidLoginLogout" time="24.64" classname="com.actitime.tests.ValidLoginLogoutTest"/>
  <testcase name="testInvalidLogin" time="18.951" classname="com.actitime.tests.InvalidLoginTest"/>
  <testcase name="testVerifyVersion" time="0.443" classname="com.actitime.tests.VerifyVersionTest"/>
</testsuite> <!-- Test -->
