<?xml version="1.0" encoding="UTF-8"?>
<!-- Generated by org.testng.reporters.JUnitXMLReporter -->
<testsuite hostname="DESKTOP-TT2GKVP" ignored="0" name="Test" tests="3" failures="0" timestamp="14 Apr 2019 13:07:17 GMT" time="88.046" errors="0">
  <testcase name="testValidLoginLogout" time="10.156" classname="com.actitime.tests.ValidLoginLogoutTest"/>
  <testcase name="testInvalidLogin" time="16.685" classname="com.actitime.tests.InvalidLoginTest"/>
  <testcase name="testVerifyVersion" time="0.594" classname="com.actitime.tests.VerifyVersionTest"/>
</testsuite> <!-- Test -->
