<?xml version="1.0" encoding="UTF-8"?>
<testng-results skipped="0" failed="0" ignored="0" total="3" passed="3">
  <reporter-output>
    <line>
      <![CDATA[Title is matching actiTIME - Login]]>
    </line>
    <line>
      <![CDATA[valid user name admin]]>
    </line>
    <line>
      <![CDATA[valid password manager]]>
    </line>
    <line>
      <![CDATA[Title is matching actiTIME - Enter Time-Track]]>
    </line>
    <line>
      <![CDATA[Title is matching actiTIME - Login]]>
    </line>
    <line>
      <![CDATA[Title is matching actiTIME - Login]]>
    </line>
    <line>
      <![CDATA[valid user name touseef]]>
    </line>
    <line>
      <![CDATA[valid password golandaz]]>
    </line>
    <line>
      <![CDATA[element is present]]>
    </line>
    <line>
      <![CDATA[Excepted Error message: Username or Password is invalid. Please try again.]]>
    </line>
    <line>
      <![CDATA[Actual Error message: Username or Password is invalid. Please try again.]]>
    </line>
    <line>
      <![CDATA[error message is matching......]]>
    </line>
    <line>
      <![CDATA[---------------]]>
    </line>
    <line>
      <![CDATA[valid user name touseef]]>
    </line>
    <line>
      <![CDATA[valid password golandaz]]>
    </line>
    <line>
      <![CDATA[element is present]]>
    </line>
    <line>
      <![CDATA[Excepted Error message: Username or Password is invalid. Please try again.]]>
    </line>
    <line>
      <![CDATA[Actual Error message: Username or Password is invalid. Please try again.]]>
    </line>
    <line>
      <![CDATA[error message is matching......]]>
    </line>
    <line>
      <![CDATA[---------------]]>
    </line>
    <line>
      <![CDATA[valid user name touseef]]>
    </line>
    <line>
      <![CDATA[valid password golandaz]]>
    </line>
    <line>
      <![CDATA[element is present]]>
    </line>
    <line>
      <![CDATA[Excepted Error message: Username or Password is invalid. Please try again.]]>
    </line>
    <line>
      <![CDATA[Actual Error message: Username or Password is invalid. Please try again.]]>
    </line>
    <line>
      <![CDATA[error message is matching......]]>
    </line>
    <line>
      <![CDATA[---------------]]>
    </line>
    <line>
      <![CDATA[valid user name touseef]]>
    </line>
    <line>
      <![CDATA[valid password golandaz]]>
    </line>
    <line>
      <![CDATA[element is present]]>
    </line>
    <line>
      <![CDATA[Excepted Error message: Username or Password is invalid. Please try again.]]>
    </line>
    <line>
      <![CDATA[Actual Error message: Username or Password is invalid. Please try again.]]>
    </line>
    <line>
      <![CDATA[error message is matching......]]>
    </line>
    <line>
      <![CDATA[---------------]]>
    </line>
    <line>
      <![CDATA[valid user name touseef]]>
    </line>
    <line>
      <![CDATA[valid password golandaz]]>
    </line>
    <line>
      <![CDATA[element is present]]>
    </line>
    <line>
      <![CDATA[Excepted Error message: Username or Password is invalid. Please try again.]]>
    </line>
    <line>
      <![CDATA[Actual Error message: Username or Password is invalid. Please try again.]]>
    </line>
    <line>
      <![CDATA[error message is matching......]]>
    </line>
    <line>
      <![CDATA[---------------]]>
    </line>
    <line>
      <![CDATA[valid user name touseef]]>
    </line>
    <line>
      <![CDATA[valid password golandaz]]>
    </line>
    <line>
      <![CDATA[element is present]]>
    </line>
    <line>
      <![CDATA[Excepted Error message: Username or Password is invalid. Please try again.]]>
    </line>
    <line>
      <![CDATA[Actual Error message: Username or Password is invalid. Please try again.]]>
    </line>
    <line>
      <![CDATA[error message is matching......]]>
    </line>
    <line>
      <![CDATA[---------------]]>
    </line>
    <line>
      <![CDATA[Title is matching actiTIME - Login]]>
    </line>
    <line>
      <![CDATA[element is present]]>
    </line>
    <line>
      <![CDATA[Excepted version: actiTIME 2019.2 Pro]]>
    </line>
    <line>
      <![CDATA[Actual Error message: actiTIME 2019.2 Pro]]>
    </line>
    <line>
      <![CDATA[version is matching-----  ]]>
    </line>
  </reporter-output>
  <suite name="Suite" duration-ms="137666" started-at="2019-04-15T07:12:52Z" finished-at="2019-04-15T07:15:10Z">
    <groups>
    </groups>
    <test name="Test" duration-ms="137666" started-at="2019-04-15T07:12:52Z" finished-at="2019-04-15T07:15:10Z">
      <class name="com.actitime.tests.ValidLoginLogoutTest">
        <test-method status="PASS" signature="preCondition()[pri:0, instance:com.actitime.tests.ValidLoginLogoutTest@53b32d7]" name="preCondition" is-config="true" duration-ms="22547" started-at="2019-04-15T07:12:52Z" finished-at="2019-04-15T07:13:15Z">
          <reporter-output>
          </reporter-output>
        </test-method> <!-- preCondition -->
        <test-method status="PASS" signature="testValidLoginLogout()[pri:1, instance:com.actitime.tests.ValidLoginLogoutTest@53b32d7]" name="testValidLoginLogout" duration-ms="24640" started-at="2019-04-15T07:13:15Z" finished-at="2019-04-15T07:13:40Z">
          <reporter-output>
            <line>
              <![CDATA[Title is matching actiTIME - Login]]>
            </line>
            <line>
              <![CDATA[valid user name admin]]>
            </line>
            <line>
              <![CDATA[valid password manager]]>
            </line>
            <line>
              <![CDATA[Title is matching actiTIME - Enter Time-Track]]>
            </line>
            <line>
              <![CDATA[Title is matching actiTIME - Login]]>
            </line>
          </reporter-output>
        </test-method> <!-- testValidLoginLogout -->
        <test-method status="PASS" signature="postCondition(org.testng.ITestResult)[pri:0, instance:com.actitime.tests.ValidLoginLogoutTest@53b32d7]" name="postCondition" is-config="true" duration-ms="1068" started-at="2019-04-15T07:13:40Z" finished-at="2019-04-15T07:13:41Z">
          <params>
            <param index="0">
              <value>
                <![CDATA[[TestResult name=testValidLoginLogout status=SUCCESS method=ValidLoginLogoutTest.testValidLoginLogout()[pri:1, instance:com.actitime.tests.ValidLoginLogoutTest@53b32d7] output=Title is matching actiTIME - Login]]]>
              </value>
            </param>
          </params>
          <reporter-output>
          </reporter-output>
        </test-method> <!-- postCondition -->
      </class> <!-- com.actitime.tests.ValidLoginLogoutTest -->
      <class name="com.actitime.tests.InvalidLoginTest">
        <test-method status="PASS" signature="preCondition()[pri:0, instance:com.actitime.tests.InvalidLoginTest@343f4d3d]" name="preCondition" is-config="true" duration-ms="29979" started-at="2019-04-15T07:13:41Z" finished-at="2019-04-15T07:14:11Z">
          <reporter-output>
          </reporter-output>
        </test-method> <!-- preCondition -->
        <test-method status="PASS" signature="testInvalidLogin()[pri:2, instance:com.actitime.tests.InvalidLoginTest@343f4d3d]" name="testInvalidLogin" duration-ms="18951" started-at="2019-04-15T07:14:11Z" finished-at="2019-04-15T07:14:30Z">
          <reporter-output>
            <line>
              <![CDATA[Title is matching actiTIME - Login]]>
            </line>
            <line>
              <![CDATA[valid user name touseef]]>
            </line>
            <line>
              <![CDATA[valid password golandaz]]>
            </line>
            <line>
              <![CDATA[element is present]]>
            </line>
            <line>
              <![CDATA[Excepted Error message: Username or Password is invalid. Please try again.]]>
            </line>
            <line>
              <![CDATA[Actual Error message: Username or Password is invalid. Please try again.]]>
            </line>
            <line>
              <![CDATA[error message is matching......]]>
            </line>
            <line>
              <![CDATA[---------------]]>
            </line>
            <line>
              <![CDATA[valid user name touseef]]>
            </line>
            <line>
              <![CDATA[valid password golandaz]]>
            </line>
            <line>
              <![CDATA[element is present]]>
            </line>
            <line>
              <![CDATA[Excepted Error message: Username or Password is invalid. Please try again.]]>
            </line>
            <line>
              <![CDATA[Actual Error message: Username or Password is invalid. Please try again.]]>
            </line>
            <line>
              <![CDATA[error message is matching......]]>
            </line>
            <line>
              <![CDATA[---------------]]>
            </line>
            <line>
              <![CDATA[valid user name touseef]]>
            </line>
            <line>
              <![CDATA[valid password golandaz]]>
            </line>
            <line>
              <![CDATA[element is present]]>
            </line>
            <line>
              <![CDATA[Excepted Error message: Username or Password is invalid. Please try again.]]>
            </line>
            <line>
              <![CDATA[Actual Error message: Username or Password is invalid. Please try again.]]>
            </line>
            <line>
              <![CDATA[error message is matching......]]>
            </line>
            <line>
              <![CDATA[---------------]]>
            </line>
            <line>
              <![CDATA[valid user name touseef]]>
            </line>
            <line>
              <![CDATA[valid password golandaz]]>
            </line>
            <line>
              <![CDATA[element is present]]>
            </line>
            <line>
              <![CDATA[Excepted Error message: Username or Password is invalid. Please try again.]]>
            </line>
            <line>
              <![CDATA[Actual Error message: Username or Password is invalid. Please try again.]]>
            </line>
            <line>
              <![CDATA[error message is matching......]]>
            </line>
            <line>
              <![CDATA[---------------]]>
            </line>
            <line>
              <![CDATA[valid user name touseef]]>
            </line>
            <line>
              <![CDATA[valid password golandaz]]>
            </line>
            <line>
              <![CDATA[element is present]]>
            </line>
            <line>
              <![CDATA[Excepted Error message: Username or Password is invalid. Please try again.]]>
            </line>
            <line>
              <![CDATA[Actual Error message: Username or Password is invalid. Please try again.]]>
            </line>
            <line>
              <![CDATA[error message is matching......]]>
            </line>
            <line>
              <![CDATA[---------------]]>
            </line>
            <line>
              <![CDATA[valid user name touseef]]>
            </line>
            <line>
              <![CDATA[valid password golandaz]]>
            </line>
            <line>
              <![CDATA[element is present]]>
            </line>
            <line>
              <![CDATA[Excepted Error message: Username or Password is invalid. Please try again.]]>
            </line>
            <line>
              <![CDATA[Actual Error message: Username or Password is invalid. Please try again.]]>
            </line>
            <line>
              <![CDATA[error message is matching......]]>
            </line>
            <line>
              <![CDATA[---------------]]>
            </line>
          </reporter-output>
        </test-method> <!-- testInvalidLogin -->
        <test-method status="PASS" signature="postCondition(org.testng.ITestResult)[pri:0, instance:com.actitime.tests.InvalidLoginTest@343f4d3d]" name="postCondition" is-config="true" duration-ms="2929" started-at="2019-04-15T07:14:30Z" finished-at="2019-04-15T07:14:32Z">
          <params>
            <param index="0">
              <value>
                <![CDATA[[TestResult name=testInvalidLogin status=SUCCESS method=InvalidLoginTest.testInvalidLogin()[pri:2, instance:com.actitime.tests.InvalidLoginTest@343f4d3d] output=Title is matching actiTIME - Login]]]>
              </value>
            </param>
          </params>
          <reporter-output>
          </reporter-output>
        </test-method> <!-- postCondition -->
      </class> <!-- com.actitime.tests.InvalidLoginTest -->
      <class name="com.actitime.tests.VerifyVersionTest">
        <test-method status="PASS" signature="preCondition()[pri:0, instance:com.actitime.tests.VerifyVersionTest@5442a311]" name="preCondition" is-config="true" duration-ms="34787" started-at="2019-04-15T07:14:32Z" finished-at="2019-04-15T07:15:07Z">
          <reporter-output>
          </reporter-output>
        </test-method> <!-- preCondition -->
        <test-method status="PASS" signature="testVerifyVersion()[pri:3, instance:com.actitime.tests.VerifyVersionTest@5442a311]" name="testVerifyVersion" duration-ms="443" started-at="2019-04-15T07:15:07Z" finished-at="2019-04-15T07:15:08Z">
          <reporter-output>
            <line>
              <![CDATA[Title is matching actiTIME - Login]]>
            </line>
            <line>
              <![CDATA[element is present]]>
            </line>
            <line>
              <![CDATA[Excepted version: actiTIME 2019.2 Pro]]>
            </line>
            <line>
              <![CDATA[Actual Error message: actiTIME 2019.2 Pro]]>
            </line>
            <line>
              <![CDATA[version is matching-----  ]]>
            </line>
          </reporter-output>
        </test-method> <!-- testVerifyVersion -->
        <test-method status="PASS" signature="postCondition(org.testng.ITestResult)[pri:0, instance:com.actitime.tests.VerifyVersionTest@5442a311]" name="postCondition" is-config="true" duration-ms="2190" started-at="2019-04-15T07:15:08Z" finished-at="2019-04-15T07:15:10Z">
          <params>
            <param index="0">
              <value>
                <![CDATA[[TestResult name=testVerifyVersion status=SUCCESS method=VerifyVersionTest.testVerifyVersion()[pri:3, instance:com.actitime.tests.VerifyVersionTest@5442a311] output=Title is matching actiTIME - Login]]]>
              </value>
            </param>
          </params>
          <reporter-output>
          </reporter-output>
        </test-method> <!-- postCondition -->
      </class> <!-- com.actitime.tests.VerifyVersionTest -->
    </test> <!-- Test -->
  </suite> <!-- Suite -->
</testng-results>
